<?xml version="1.0" encoding="UTF-8"?>
<!-- Generated by org.testng.reporters.JUnitReportReporter -->
<testsuite name="TestNgExample.ParatmeterExampleTest" tests="1" time="0.000" ignored="0" failures="0" timestamp="12 Dec 2017 12:50:47 GMT" skipped="0" hostname="RIPLBRD50" errors="1">
  <testcase name="test1" time="0.000" classname="TestNgExample.ParatmeterExampleTest">
    <error type="org.testng.TestNGException" message="
Parameter &#039;username&#039; is required by @Test on method test1 but has not been marked @Optional or defined
in D:\Java_Project\com.qa.javapractice\Resources\ParameterTest.xml">
      <![CDATA[org.testng.TestNGException: 
Parameter 'username' is required by @Test on method test1 but has not been marked @Optional or defined
in D:\Java_Project\com.qa.javapractice\Resources\ParameterTest.xml
	at org.testng.internal.Parameters.createParameters(Parameters.java:199)
	at org.testng.internal.Parameters.createParameters(Parameters.java:443)
	at org.testng.internal.Parameters.handleParameters(Parameters.java:568)
	at org.testng.internal.Invoker.handleParameters(Invoker.java:1293)
	at org.testng.internal.Invoker.createParameters(Invoker.java:1020)
	at org.testng.internal.Invoker.invokeTestMethods(Invoker.java:1110)
	at org.testng.internal.TestMethodWorker.invokeTestMethods(TestMethodWorker.java:129)
	at org.testng.internal.TestMethodWorker.run(TestMethodWorker.java:112)
	at java.util.concurrent.ThreadPoolExecutor.runWorker(ThreadPoolExecutor.java:1142)
	at java.util.concurrent.ThreadPoolExecutor$Worker.run(ThreadPoolExecutor.java:617)
	at java.lang.Thread.run(Thread.java:745)
]]>
    </error>
  </testcase> <!-- test1 -->
</testsuite> <!-- TestNgExample.ParatmeterExampleTest -->
